Warning: You are sending unauthenticated requests to the HF Hub. Please set a HF_TOKEN to enable higher rate limits and faster downloads.
Using device: cuda

>>> RESUMING: Found checkpoint. Already completed: {'audio_only'}

======================================================================
PHASE 1: DATA PREPARATION
======================================================================
Using standard FakeAVCelebDataset...
Training samples: 800
Validation samples: 200

======================================================================
PHASE 3: BASELINE MODELS
======================================================================

--- Training Audio-Only Baseline ---
Loading weights:   0%|          | 0/422 [00:00<?, ?it/s]Loading weights: 100%|##########| 422/422 [00:00<00:00, 37920.10it/s]
[1mWav2Vec2Model LOAD REPORT[0m from: facebook/wav2vec2-large-xlsr-53
Key                          | Status     |  | 
-----------------------------+------------+--+-
project_hid.weight           | UNEXPECTED |  | 
quantizer.weight_proj.weight | UNEXPECTED |  | 
project_q.weight             | UNEXPECTED |  | 
quantizer.weight_proj.bias   | UNEXPECTED |  | 
quantizer.codevectors        | UNEXPECTED |  | 
project_q.bias               | UNEXPECTED |  | 
project_hid.bias             | UNEXPECTED |  | 

Notes:
- UNEXPECTED:	can be ignored when loading from different task/architecture; not ok if you expect identical arch.
>>> Skipping Audio-Only (already completed)
Traceback (most recent call last):
  File "C:\Users\KRISHNA GUPTA\OneDrive\Documents\project\mini\MINTIME-Multi-Identity-size-iNvariant-TIMEsformer-for-Video-Deepfake-Detection\master_pipeline.py", line 576, in <module>
    run_full_pipeline(args)
  File "C:\Users\KRISHNA GUPTA\OneDrive\Documents\project\mini\MINTIME-Multi-Identity-size-iNvariant-TIMEsformer-for-Video-Deepfake-Detection\master_pipeline.py", line 331, in run_full_pipeline
    "accuracy": audio_tracker.history["val_accuracy"][-1],
                ^^^^^^^^^^^^^
UnboundLocalError: cannot access local variable 'audio_tracker' where it is not associated with a value
